9591 2000 8 14 8 47 0 300940
9598 2000 8 14 8 57 0 6233.97
9752 2000 8 15 4 28 0 6056.39
9862 2000 8 15 16 57 0 5291.51
9890 2000 8 15 18 7 0 5654.42
10030 2000 8 16 3 35 0 6624.88
10126 2000 8 16 10 2 0 6032.19
10242 2000 8 16 20 33 0 6596.44
10360 2000 8 17 5 52 0 10374.6
10364 2000 8 17 7 53 0 8625.3
10427 2000 8 17 12 48 0 6597.48
10545 2000 8 17 22 4 0 9816.21
11285 2000 8 22 1 43 0 12436.7
11291 2000 8 22 3 38 0 14078.7
11303 2000 8 22 6 53 0 185642
11305 2000 8 22 7 6 0 13120.3
11797 2000 8 27 22 17 0 6721.33
11801 2000 8 28 3 30 0 18898.2
11805 2000 8 28 5 34 0 19719.4
11891 2000 8 29 17 51 0 14665.3
11893 2000 8 29 19 8 0 9059.4
11928 2000 8 30 3 35 0 5019.11
11970 2000 8 30 7 47 0 8221.79
12010 2000 8 30 18 32 0 11800.6
12087 2000 8 31 7 30 0 28951.9
12123 2000 8 31 21 5 0 7189.64
12127 2000 8 31 21 59 0 27234.8
12134 2000 9 1 3 48 0 214465
12139 2000 9 1 6 39 0 5863.1
12143 2000 9 1 7 17 0 6042.65
12277 2000 9 2 4 20 0 8544.94
12280 2000 9 2 5 16 0 29115.5
12299 2000 9 2 11 27 0 6753.96
12325 2000 9 2 21 38 0 25245
12335 2000 9 3 3 0 0 17475.4
12350 2000 9 3 7 30 0 20920.6
12397 2000 9 3 17 0 0 34014.3
12399 2000 9 3 20 14 0 101178
12404 2000 9 3 22 41 0 11491.4
12409 2000 9 3 23 48 0 17594.1
12411 2000 9 4 2 30 0 7909.53
12420 2000 9 4 5 31 0 21878.6
12426 2000 9 4 8 27 0 11263.8
12428 2000 9 4 9 43 0 5897.73
12431 2000 9 4 10 38 0 8705.72
